Command line:
   visualizacion_isim_beh.exe
     -simmode  gui
     -simrunnum  0
     -socket  49380

Mon Nov 20 21:23:20 2017


 Elaboration Time: 0.03125 sec

 Current Memory Usage: 877.875 Meg

 Total Signals          : 24
 Total Nets             : 63
 Total Signal Drivers   : 8
 Total Blocks           : 7
 Total Primitive Blocks : 6
 Total Processes        : 7
 Total Traceable Variables  : 10
 Total Scalar Nets and Variables : 441
Total Line Count : 15

 Total Simulation Time: 0.0625 sec

 Current Memory Usage: 877.875 Meg

Mon Nov 20 21:23:24 2017

