Release 14.7 - xst P.20131013 (nt64)
Copyright (c) 1995-2013 Xilinx, Inc.  All rights reserved.
--> Parameter TMPDIR set to xst/projnav.tmp


Total REAL time to Xst completion: 1.00 secs
Total CPU time to Xst completion: 0.16 secs
 
--> Parameter xsthdpdir set to xst


Total REAL time to Xst completion: 1.00 secs
Total CPU time to Xst completion: 0.16 secs
 
--> Reading design: visualizacion.prj

TABLE OF CONTENTS
  1) Synthesis Options Summary
  2) HDL Compilation
  3) Design Hierarchy Analysis
  4) HDL Analysis
  5) HDL Synthesis
     5.1) HDL Synthesis Report
  6) Advanced HDL Synthesis
     6.1) Advanced HDL Synthesis Report
  7) Low Level Synthesis
  8) Partition Report
  9) Final Report
	9.1) Device utilization summary
	9.2) Partition Resource Summary
	9.3) TIMING REPORT


=========================================================================
*                      Synthesis Options Summary                        *
=========================================================================
---- Source Parameters
Input File Name                    : "visualizacion.prj"
Input Format                       : mixed
Ignore Synthesis Constraint File   : NO

---- Target Parameters
Output File Name                   : "visualizacion"
Output Format                      : NGC
Target Device                      : xc3s100e-5-cp132

---- Source Options
Top Module Name                    : visualizacion
Automatic FSM Extraction           : YES
FSM Encoding Algorithm             : Auto
Safe Implementation                : No
FSM Style                          : LUT
RAM Extraction                     : Yes
RAM Style                          : Auto
ROM Extraction                     : Yes
Mux Style                          : Auto
Decoder Extraction                 : YES
Priority Encoder Extraction        : Yes
Shift Register Extraction          : YES
Logical Shifter Extraction         : YES
XOR Collapsing                     : YES
ROM Style                          : Auto
Mux Extraction                     : Yes
Resource Sharing                   : YES
Asynchronous To Synchronous        : NO
Multiplier Style                   : Auto
Automatic Register Balancing       : No

---- Target Options
Add IO Buffers                     : YES
Global Maximum Fanout              : 100000
Add Generic Clock Buffer(BUFG)     : 24
Register Duplication               : YES
Slice Packing                      : YES
Optimize Instantiated Primitives   : NO
Use Clock Enable                   : Yes
Use Synchronous Set                : Yes
Use Synchronous Reset              : Yes
Pack IO Registers into IOBs        : Auto
Equivalent register Removal        : YES

---- General Options
Optimization Goal                  : Speed
Optimization Effort                : 1
Keep Hierarchy                     : No
Netlist Hierarchy                  : As_Optimized
RTL Output                         : Yes
Global Optimization                : AllClockNets
Read Cores                         : YES
Write Timing Constraints           : NO
Cross Clock Analysis               : NO
Hierarchy Separator                : /
Bus Delimiter                      : <>
Case Specifier                     : Maintain
Slice Utilization Ratio            : 100
BRAM Utilization Ratio             : 100
Verilog 2001                       : YES
Auto BRAM Packing                  : NO
Slice Utilization Ratio Delta      : 5

=========================================================================


=========================================================================
*                          HDL Compilation                              *
=========================================================================
Compiling vhdl file "C:/Users/alumno/celt_f/MUX4x4.vhd" in Library work.
Architecture a_mux4x4 of Entity mux4x4 is up to date.
Compiling vhdl file "C:/Users/alumno/celt_f/refresco.vhd" in Library work.
Entity <refresco> compiled.
Entity <refresco> (Architecture <a_refresco>) compiled.
Compiling vhdl file "C:/Users/alumno/celt_f/decod7s.vhd" in Library work.
Architecture a_decod7s of Entity decod7s is up to date.
Compiling vhdl file "C:/Users/alumno/celt_f/visualizacion.vhd" in Library work.
Architecture a_visualizacion of Entity visualizacion is up to date.

=========================================================================
*                     Design Hierarchy Analysis                         *
=========================================================================
Analyzing hierarchy for entity <visualizacion> in library <work> (architecture <a_visualizacion>).

Analyzing hierarchy for entity <MUX4x4> in library <work> (architecture <a_mux4x4>).

Analyzing hierarchy for entity <refresco> in library <work> (architecture <a_refresco>).

Analyzing hierarchy for entity <decod7s> in library <work> (architecture <a_decod7s>).


=========================================================================
*                            HDL Analysis                               *
=========================================================================
Analyzing Entity <visualizacion> in library <work> (Architecture <a_visualizacion>).
Entity <visualizacion> analyzed. Unit <visualizacion> generated.

Analyzing Entity <MUX4x4> in library <work> (Architecture <a_mux4x4>).
Entity <MUX4x4> analyzed. Unit <MUX4x4> generated.

Analyzing Entity <refresco> in library <work> (Architecture <a_refresco>).
Entity <refresco> analyzed. Unit <refresco> generated.

Analyzing Entity <decod7s> in library <work> (Architecture <a_decod7s>).
Entity <decod7s> analyzed. Unit <decod7s> generated.


=========================================================================
*                           HDL Synthesis                               *
=========================================================================

Performing bidirectional port resolution...

Synthesizing Unit <MUX4x4>.
    Related source file is "C:/Users/alumno/celt_f/MUX4x4.vhd".
    Found 4-bit 4-to-1 multiplexer for signal <Y>.
    Summary:
	inferred   4 Multiplexer(s).
Unit <MUX4x4> synthesized.


Synthesizing Unit <refresco>.
    Related source file is "C:/Users/alumno/celt_f/refresco.vhd".
WARNING:Xst:653 - Signal <SS> is used but never assigned. This sourceless signal will be automatically connected to value 00.
    Found 4x4-bit ROM for signal <AN>.
    Found 16-bit up counter for signal <counter>.
    Summary:
	inferred   1 ROM(s).
	inferred   1 Counter(s).
Unit <refresco> synthesized.


Synthesizing Unit <decod7s>.
    Related source file is "C:/Users/alumno/celt_f/decod7s.vhd".
    Found 16x7-bit ROM for signal <S>.
    Summary:
	inferred   1 ROM(s).
Unit <decod7s> synthesized.


Synthesizing Unit <visualizacion>.
    Related source file is "C:/Users/alumno/celt_f/visualizacion.vhd".
Unit <visualizacion> synthesized.


=========================================================================
HDL Synthesis Report

Macro Statistics
# ROMs                                                 : 2
 16x7-bit ROM                                          : 1
 4x4-bit ROM                                           : 1
# Multiplexers                                         : 1
 4-bit 4-to-1 multiplexer                              : 1

=========================================================================

=========================================================================
*                       Advanced HDL Synthesis                          *
=========================================================================


=========================================================================
Advanced HDL Synthesis Report

Macro Statistics
# ROMs                                                 : 2
 16x7-bit ROM                                          : 1
 4x4-bit ROM                                           : 1
# Multiplexers                                         : 1
 4-bit 4-to-1 multiplexer                              : 1

=========================================================================

=========================================================================
*                         Low Level Synthesis                           *
=========================================================================

Optimizing unit <visualizacion> ...

Mapping all equations...
Building and optimizing final netlist ...
Found area constraint ratio of 100 (+ 5) on block visualizacion, actual ratio is 0.

Final Macro Processing ...

=========================================================================
Final Register Report

Found no macro
=========================================================================

=========================================================================
*                           Partition Report                            *
=========================================================================

Partition Implementation Status
-------------------------------

  No Partitions were found in this design.

-------------------------------

=========================================================================
*                            Final Report                               *
=========================================================================
Final Results
RTL Top Level Output File Name     : visualizacion.ngr
Top Level Output File Name         : visualizacion
Output Format                      : NGC
Optimization Goal                  : Speed
Keep Hierarchy                     : No

Design Statistics
# IOs                              : 28

Cell Usage :
# BELS                             : 9
#      GND                         : 1
#      LUT4                        : 7
#      VCC                         : 1
# IO Buffers                       : 15
#      IBUF                        : 4
#      OBUF                        : 11
=========================================================================

Device utilization summary:
---------------------------

Selected Device : 3s100ecp132-5 

 Number of Slices:                        4  out of    960     0%  
 Number of 4 input LUTs:                  7  out of   1920     0%  
 Number of IOs:                          28
 Number of bonded IOBs:                  15  out of     83    18%  

---------------------------
Partition Resource Summary:
---------------------------

  No Partitions were found in this design.

---------------------------


=========================================================================
TIMING REPORT

NOTE: THESE TIMING NUMBERS ARE ONLY A SYNTHESIS ESTIMATE.
      FOR ACCURATE TIMING INFORMATION PLEASE REFER TO THE TRACE REPORT
      GENERATED AFTER PLACE-and-ROUTE.

Clock Information:
------------------
No clock signals found in this design

Asynchronous Control Signals Information:
----------------------------------------
No asynchronous control signals found in this design

Timing Summary:
---------------
Speed Grade: -5

   Minimum period: No path found
   Minimum input arrival time before clock: No path found
   Maximum output required time after clock: No path found
   Maximum combinational path delay: 5.998ns

Timing Detail:
--------------
All values displayed in nanoseconds (ns)

=========================================================================
Timing constraint: Default path analysis
  Total number of paths / destination ports: 28 / 7
-------------------------------------------------------------------------
Delay:               5.998ns (Levels of Logic = 3)
  Source:            E3<2> (PAD)
  Destination:       SEG7<6> (PAD)

  Data Path: E3<2> to SEG7<6>
                                Gate     Net
    Cell:in->out      fanout   Delay   Delay  Logical Name (Net Name)
    ----------------------------------------  ------------
     IBUF:I->O             7   1.106   0.754  E3_2_IBUF (E3_2_IBUF)
     LUT4:I0->O            1   0.612   0.357  dec/Mrom_S61 (SEG7_6_OBUF)
     OBUF:I->O                 3.169          SEG7_6_OBUF (SEG7<6>)
    ----------------------------------------
    Total                      5.998ns (4.887ns logic, 1.111ns route)
                                       (81.5% logic, 18.5% route)

=========================================================================


Total REAL time to Xst completion: 5.00 secs
Total CPU time to Xst completion: 4.48 secs
 
--> 

Total memory usage is 266092 kilobytes

Number of errors   :    0 (   0 filtered)
Number of warnings :    1 (   0 filtered)
Number of infos    :    0 (   0 filtered)

