--------------------------------------------------------------------------------
Release 14.7 Trace  (nt64)
Copyright (c) 1995-2013 Xilinx, Inc.  All rights reserved.

C:\Xilinx\14.7\ISE_DS\ISE\bin\nt64\unwrapped\trce.exe -intstyle ise -v 3 -s 5
-n 3 -fastpaths -xml visualizacion.twx visualizacion.ncd -o visualizacion.twr
visualizacion.pcf -ucf visu_asoci.ucf

Design file:              visualizacion.ncd
Physical constraint file: visualizacion.pcf
Device,package,speed:     xc3s100e,cp132,-5 (PRODUCTION 1.27 2013-10-13)
Report level:             verbose report

Environment Variable      Effect 
--------------------      ------ 
NONE                      No environment variables were set
--------------------------------------------------------------------------------

INFO:Timing:2698 - No timing constraints found, doing default enumeration.
INFO:Timing:3412 - To improve timing, see the Timing Closure User Guide (UG612).
INFO:Timing:2752 - To get complete path coverage, use the unconstrained paths 
   option. All paths that are not constrained will be reported in the 
   unconstrained paths section(s) of the report.
INFO:Timing:3339 - The clock-to-out numbers in this timing report are based on 
   a 50 Ohm transmission line loading model.  For the details of this model, 
   and for more information on accounting for different loading conditions, 
   please see the device datasheet.
INFO:Timing:3390 - This architecture does not support a default System Jitter 
   value, please add SYSTEM_JITTER constraint to the UCF to modify the Clock 
   Uncertainty calculation.
INFO:Timing:3389 - This architecture does not support 'Discrete Jitter' and 
   'Phase Error' calculations, these terms will be zero in the Clock 
   Uncertainty calculation.  Please make appropriate modification to 
   SYSTEM_JITTER to account for the unsupported Discrete Jitter and Phase 
   Error.



Data Sheet report:
-----------------
All values displayed in nanoseconds (ns)

Pad to Pad
---------------+---------------+---------+
Source Pad     |Destination Pad|  Delay  |
---------------+---------------+---------+
E3<0>          |SEG7<0>        |    6.025|
E3<0>          |SEG7<1>        |    6.492|
E3<0>          |SEG7<2>        |    6.211|
E3<0>          |SEG7<3>        |    6.470|
E3<0>          |SEG7<4>        |    6.113|
E3<0>          |SEG7<5>        |    5.683|
E3<0>          |SEG7<6>        |    6.105|
E3<1>          |SEG7<0>        |    6.015|
E3<1>          |SEG7<1>        |    6.431|
E3<1>          |SEG7<2>        |    6.382|
E3<1>          |SEG7<3>        |    6.409|
E3<1>          |SEG7<4>        |    6.103|
E3<1>          |SEG7<5>        |    5.854|
E3<1>          |SEG7<6>        |    6.243|
E3<2>          |SEG7<0>        |    7.212|
E3<2>          |SEG7<1>        |    7.650|
E3<2>          |SEG7<2>        |    7.436|
E3<2>          |SEG7<3>        |    7.628|
E3<2>          |SEG7<4>        |    7.300|
E3<2>          |SEG7<5>        |    6.908|
E3<2>          |SEG7<6>        |    7.303|
E3<3>          |SEG7<0>        |    5.953|
E3<3>          |SEG7<1>        |    6.425|
E3<3>          |SEG7<2>        |    6.272|
E3<3>          |SEG7<3>        |    6.403|
E3<3>          |SEG7<4>        |    6.041|
E3<3>          |SEG7<5>        |    5.744|
E3<3>          |SEG7<6>        |    6.189|
---------------+---------------+---------+


Analysis completed Thu Nov 16 18:54:30 2017 
--------------------------------------------------------------------------------

Trace Settings:
-------------------------
Trace Settings 

Peak Memory Usage: 160 MB



