Command line:
   refresco_isim_beh.exe
     -simmode  gui
     -simrunnum  0
     -socket  65476

Mon Nov 20 20:43:57 2017


 Elaboration Time: 0.03125 sec

 Current Memory Usage: 877.912 Meg

 Total Signals          : 5
 Total Nets             : 22
 Total Signal Drivers   : 4
 Total Blocks           : 4
 Total Primitive Blocks : 4
 Total Processes        : 3
 Total Traceable Variables  : 10
 Total Scalar Nets and Variables : 400
Total Line Count : 9

 Total Simulation Time: 0.046875 sec

 Current Memory Usage: 877.912 Meg

Mon Nov 20 20:44:04 2017

